#
# A fatal error has been detected by the Java Runtime Environment:
#
#  SIGSEGV (0xb) at pc=0x000000010c21df30, pid=5648, tid=9475
#
# JRE version: Java(TM) SE Runtime Environment (10.0.1+10) (build 10.0.1+10)
# Java VM: Java HotSpot(TM) 64-Bit Server VM (10.0.1+10, mixed mode, tiered, compressed oops, g1 gc, bsd-amd64)
# Problematic frame:
# V  [libjvm.dylib+0x41df30]  jni_GetStringUTFChars+0x99
#
# No core dump will be written. Core dumps have been disabled. To enable core dumping, try "ulimit -c unlimited" before starting Java again
#
# If you would like to submit a bug report, please visit:
#   http://bugreport.java.com/bugreport/crash.jsp
#

---------------  S U M M A R Y ------------

Command Line: -Dfile.encoding=UTF-8 org.apache.kafka.common.protocol.ApiKeys$1

Host: iMac12,1 x86_64 2500 MHz, 4 cores, 8G, Darwin 17.6.0
Time: Wed Jul 25 17:06:32 2018 IST elapsed time: 0 seconds (0d 0h 0m 0s)

---------------  T H R E A D  ---------------

Current thread (0x00007fabeb00d000):  JavaThread "main" [_thread_in_vm, id=9475, stack(0x000000010cba0000,0x000000010cca0000)]

Stack: [0x000000010cba0000,0x000000010cca0000],  sp=0x000000010cc9fd30,  free space=1023k
Native frames: (J=compiled Java code, A=aot compiled Java code, j=interpreted, Vv=VM code, C=native code)
V  [libjvm.dylib+0x41df30]  jni_GetStringUTFChars+0x99
C  [java+0x7653]  PostJVMInit+0xb0
C  [java+0x4f92]  JavaMain+0xafd
C  [libsystem_pthread.dylib+0x3661]  _pthread_body+0x154
C  [libsystem_pthread.dylib+0x350d]  _pthread_body+0x0
C  [libsystem_pthread.dylib+0x2bf9]  thread_start+0xd
C  0x0000000000000000


siginfo: si_signo: 11 (SIGSEGV), si_code: 1 (SEGV_MAPERR), si_addr: 0x0000000000000000

Register to memory mapping:

RAX=0x000000010b54f000 is an unknown value
RBX=0x00007fabeb00d000 is a thread
RCX=0x000000010c75d250: AssumeMP+0 in /Library/Java/JavaVirtualMachines/jdk-10.0.1.jdk/Contents/Home/lib/server/libjvm.dylib at 0x000000010be00000
RDX=0x0000000000000000 is an unknown value
RSP=0x000000010cc9fd30 is pointing into the stack for thread: 0x00007fabeb00d000
RBP=0x000000010cc9fdc0 is pointing into the stack for thread: 0x00007fabeb00d000
RSI=0x0000000000000000 is an unknown value
RDI=0x00007fabeb00d270 is an unknown value
R8 =0x0000000000000003 is an unknown value
R9 =0x0000000000000070 is an unknown value
R10=0x000000010c7c4ae0: _ZN19TemplateInterpreter13_active_tableE+0x4000 in /Library/Java/JavaVirtualMachines/jdk-10.0.1.jdk/Contents/Home/lib/server/libjvm.dylib at 0x000000010be00000
R11=0x000000010cc9f100 is pointing into the stack for thread: 0x00007fabeb00d000
R12=0x00007fabeb00d270 is an unknown value
R13=0x267a80e2f6b700e6 is an unknown value
R14=0x0000000000000000 is an unknown value
R15=0x0000000000000000 is an unknown value


Registers:
RAX=0x000000010b54f000, RBX=0x00007fabeb00d000, RCX=0x000000010c75d250, RDX=0x0000000000000000
RSP=0x000000010cc9fd30, RBP=0x000000010cc9fdc0, RSI=0x0000000000000000, RDI=0x00007fabeb00d270
R8 =0x0000000000000003, R9 =0x0000000000000070, R10=0x000000010c7c4ae0, R11=0x000000010cc9f100
R12=0x00007fabeb00d270, R13=0x267a80e2f6b700e6, R14=0x0000000000000000, R15=0x0000000000000000
RIP=0x000000010c21df30, EFLAGS=0x0000000000010246, ERR=0x0000000000000004
  TRAPNO=0x000000000000000e

Top of Stack: (sp=0x000000010cc9fd30)
0x000000010cc9fd30:   000000010cc9fd40 0000000000000000
0x000000010cc9fd40:   000000010cc9fd50 000000010c565719
0x000000010cc9fd50:   000000010cc9fd70 000000010c56569e
0x000000010cc9fd60:   000000010c7bf501 00007fabeb00d000
0x000000010cc9fd70:   0000000000000000 000000010c5655f4
0x000000010cc9fd80:   0000000000000000 00007fabeb00d000
0x000000010cc9fd90:   00007fabeb00d000 00007fabeb00d270
0x000000010cc9fda0:   00007fabead12be8 267a80e2f6b700e6
0x000000010cc9fdb0:   0000000000000000 00007fabead12bf0
0x000000010cc9fdc0:   000000010cc9fe50 000000010b4e0653
0x000000010cc9fdd0:   000000010cc9fdf0 000000010c56569e
0x000000010cc9fde0:   000000010c7bf501 00007fabeb00d000
0x000000010cc9fdf0:   000000010cc9fe10 000000010c5655f4
0x000000010cc9fe00:   0000000000000000 000000010cc9fe30
0x000000010cc9fe10:   000000010cc9fe50 000000010c210bfe
0x000000010cc9fe20:   267a80e2f6b700e6 00007fabeb00d270
0x000000010cc9fe30:   00007fabead12be8 0000000000000000
0x000000010cc9fe40:   00007fabead12c00 00007fabead12bf0
0x000000010cc9fe50:   000000010cc9fef0 000000010b4ddf92
0x000000010cc9fe60:   0000000000000000 0000000000000000
0x000000010cc9fe70:   0000000000000000 0000000000000000
0x000000010cc9fe80:   00007fabeae062f8 0000000000000000
0x000000010cc9fe90:   0000000000000001 00007fabeae06290
0x000000010cc9fea0:   00007fabeb00d270 000000010c76d1e8
0x000000010cc9feb0:   0000000400010002 00007fabeae06300
0x000000010cc9fec0:   0000000000000000 000000010cca0000
0x000000010cc9fed0:   000000010b4dd495 0000000000000000
0x000000010cc9fee0:   000000010cca0000 0000000000000000
0x000000010cc9fef0:   000000010cc9ff20 00007fff55978661
0x000000010cc9ff00:   0000000000000001 000000010cca0000
0x000000010cc9ff10:   00000000190008ff 000070000fb1ece0
0x000000010cc9ff20:   000000010cc9ff50 00007fff5597850d 

Instructions: (pc=0x000000010c21df30)
0x000000010c21df10:   f6 c7 01 74 14 4c 89 b5 78 ff ff ff 4c 89 ff e8
0x000000010c21df20:   f6 b2 02 00 49 89 c7 eb 0a 4c 89 b5 78 ff ff ff
0x000000010c21df30:   4d 8b 3f 48 8d 05 ee a5 58 00 48 63 30 4c 89 ff
0x000000010c21df40:   ff 15 3a b8 53 00 45 31 f6 48 85 c0 74 5f 4c 89 


---------------  P R O C E S S  ---------------

Threads class SMR info:
_java_thread_list=0x00007fabeac038d0, length=10, elements={
0x00007fabeb00d000, 0x00007fabec079000, 0x00007fabeb019800, 0x00007fabec801800,
0x00007fabeb824000, 0x00007fabeb04f800, 0x00007fabeb054800, 0x00007fabeb055800,
0x00007fabeb0ac000, 0x00007fabeb070000
}

Java Threads: ( => current thread )
=>0x00007fabeb00d000 JavaThread "main" [_thread_in_vm, id=9475, stack(0x000000010cba0000,0x000000010cca0000)]
  0x00007fabec079000 JavaThread "Reference Handler" daemon [_thread_blocked, id=13571, stack(0x000070001084d000,0x000070001094d000)]
  0x00007fabeb019800 JavaThread "Finalizer" daemon [_thread_blocked, id=14339, stack(0x0000700010950000,0x0000700010a50000)]
  0x00007fabec801800 JavaThread "Signal Dispatcher" daemon [_thread_blocked, id=22531, stack(0x0000700010a53000,0x0000700010b53000)]
  0x00007fabeb824000 JavaThread "C2 CompilerThread0" daemon [_thread_blocked, id=42755, stack(0x0000700010b56000,0x0000700010c56000)]
  0x00007fabeb04f800 JavaThread "C2 CompilerThread1" daemon [_thread_blocked, id=23043, stack(0x0000700010c59000,0x0000700010d59000)]
  0x00007fabeb054800 JavaThread "C1 CompilerThread2" daemon [_thread_blocked, id=41731, stack(0x0000700010d5c000,0x0000700010e5c000)]
  0x00007fabeb055800 JavaThread "Sweeper thread" daemon [_thread_blocked, id=41219, stack(0x0000700010e5f000,0x0000700010f5f000)]
  0x00007fabeb0ac000 JavaThread "Service Thread" daemon [_thread_blocked, id=24067, stack(0x0000700010f62000,0x0000700011062000)]
  0x00007fabeb070000 JavaThread "Common-Cleaner" daemon [_thread_blocked, id=40707, stack(0x0000700011065000,0x0000700011165000)]

Other Threads:
  0x00007fabeb808000 VMThread "VM Thread" [stack: 0x000070001074a000,0x000070001084a000] [id=17155]
  0x00007fabec834800 WatcherThread [stack: 0x0000700011168000,0x0000700011268000] [id=25091]
  0x00007fabeb016800 GCTaskThread "GC Thread#0" [stack: 0x000070000fc29000,0x000070000fd29000] [id=20995]
  0x00007fabeb805800 GCTaskThread "GC Thread#1" [stack: 0x000070000fd2c000,0x000070000fe2c000] [id=11011]
  0x00007fabeb020800 GCTaskThread "GC Thread#2" [stack: 0x000070000fe2f000,0x000070000ff2f000] [id=20483]
  0x00007fabeb021800 GCTaskThread "GC Thread#3" [stack: 0x000070000ff32000,0x0000700010032000] [id=19971]
  0x00007fabeb04a000 ConcurrentGCThread "G1 Main Marker" [stack: 0x0000700010035000,0x0000700010135000] [id=19459]
  0x00007fabeb04b000 ConcurrentGCThread "G1 Conc#0" [stack: 0x0000700010138000,0x0000700010238000] [id=11779]
  0x00007fabec040000 ConcurrentGCThread "G1 Refine#0" [stack: 0x000070001023b000,0x000070001033b000] [id=12035]
  0x00007fabec800000 ConcurrentGCThread "G1 Refine#1" [stack: 0x000070001033e000,0x000070001043e000] [id=18179]
  0x00007fabec801000 ConcurrentGCThread "G1 Refine#2" [stack: 0x0000700010441000,0x0000700010541000] [id=17667]
  0x00007fabec041000 ConcurrentGCThread "G1 Refine#3" [stack: 0x0000700010544000,0x0000700010644000] [id=17411]
  0x00007fabec041800 ConcurrentGCThread "G1 Young RemSet Sampling" [stack: 0x0000700010647000,0x0000700010747000] [id=12803]

Threads with active compile tasks:

VM state:not at safepoint (normal execution)

VM Mutex/Monitor currently owned by a thread: None

Heap address: 0x0000000740000000, size: 2048 MB, Compressed Oops mode: Zero based, Oop shift amount: 3
Narrow klass base: 0x0000000000000000, Narrow klass shift: 3
Compressed class space size: 1073741824 Address: 0x00000007c0000000

Heap:
 garbage-first heap   total 131072K, used 2048K [0x0000000740000000, 0x00000007c0000000)
  region size 1024K, 2 young (2048K), 0 survivors (0K)
 Metaspace       used 4791K, capacity 4868K, committed 5120K, reserved 1056768K
  class space    used 403K, capacity 432K, committed 512K, reserved 1048576K
Heap Regions: E=young(eden), S=young(survivor), O=old, HS=humongous(starts), HC=humongous(continues), CS=collection set, F=free, A=archive, TS=gc time stamp, AC=allocation context, TAMS=top-at-mark-start (previous, next)
|   0|0x0000000740000000, 0x0000000740100000, 0x0000000740100000|100%|HS|  |TS  0|AC  0|TAMS 0x0000000740000000, 0x0000000740000000|
|   1|0x0000000740100000, 0x0000000740100000, 0x0000000740200000|  0%| F|  |TS  0|AC  0|TAMS 0x0000000740100000, 0x0000000740100000|
|   2|0x0000000740200000, 0x0000000740200000, 0x0000000740300000|  0%| F|  |TS  0|AC  0|TAMS 0x0000000740200000, 0x0000000740200000|
|   3|0x0000000740300000, 0x0000000740300000, 0x0000000740400000|  0%| F|  |TS  0|AC  0|TAMS 0x0000000740300000, 0x0000000740300000|
|   4|0x0000000740400000, 0x0000000740400000, 0x0000000740500000|  0%| F|  |TS  0|AC  0|TAMS 0x0000000740400000, 0x0000000740400000|
|   5|0x0000000740500000, 0x0000000740500000, 0x0000000740600000|  0%| F|  |TS  0|AC  0|TAMS 0x0000000740500000, 0x0000000740500000|
|   6|0x0000000740600000, 0x0000000740600000, 0x0000000740700000|  0%| F|  |TS  0|AC  0|TAMS 0x0000000740600000, 0x0000000740600000|
|   7|0x0000000740700000, 0x0000000740700000, 0x0000000740800000|  0%| F|  |TS  0|AC  0|TAMS 0x0000000740700000, 0x0000000740700000|
|   8|0x0000000740800000, 0x0000000740800000, 0x0000000740900000|  0%| F|  |TS  0|AC  0|TAMS 0x0000000740800000, 0x0000000740800000|
|   9|0x0000000740900000, 0x0000000740900000, 0x0000000740a00000|  0%| F|  |TS  0|AC  0|TAMS 0x0000000740900000, 0x0000000740900000|
|  10|0x0000000740a00000, 0x0000000740a00000, 0x0000000740b00000|  0%| F|  |TS  0|AC  0|TAMS 0x0000000740a00000, 0x0000000740a00000|
|  11|0x0000000740b00000, 0x0000000740b00000, 0x0000000740c00000|  0%| F|  |TS  0|AC  0|TAMS 0x0000000740b00000, 0x0000000740b00000|
|  12|0x0000000740c00000, 0x0000000740c00000, 0x0000000740d00000|  0%| F|  |TS  0|AC  0|TAMS 0x0000000740c00000, 0x0000000740c00000|
|  13|0x0000000740d00000, 0x0000000740d00000, 0x0000000740e00000|  0%| F|  |TS  0|AC  0|TAMS 0x0000000740d00000, 0x0000000740d00000|
|  14|0x0000000740e00000, 0x0000000740e00000, 0x0000000740f00000|  0%| F|  |TS  0|AC  0|TAMS 0x0000000740e00000, 0x0000000740e00000|
|  15|0x0000000740f00000, 0x0000000740f00000, 0x0000000741000000|  0%| F|  |TS  0|AC  0|TAMS 0x0000000740f00000, 0x0000000740f00000|
|  16|0x0000000741000000, 0x0000000741000000, 0x0000000741100000|  0%| F|  |TS  0|AC  0|TAMS 0x0000000741000000, 0x0000000741000000|
|  17|0x0000000741100000, 0x0000000741100000, 0x0000000741200000|  0%| F|  |TS  0|AC  0|TAMS 0x0000000741100000, 0x0000000741100000|
|  18|0x0000000741200000, 0x0000000741200000, 0x0000000741300000|  0%| F|  |TS  0|AC  0|TAMS 0x0000000741200000, 0x0000000741200000|
|  19|0x0000000741300000, 0x0000000741300000, 0x0000000741400000|  0%| F|  |TS  0|AC  0|TAMS 0x0000000741300000, 0x0000000741300000|
|  20|0x0000000741400000, 0x0000000741400000, 0x0000000741500000|  0%| F|  |TS  0|AC  0|TAMS 0x0000000741400000, 0x0000000741400000|
|  21|0x0000000741500000, 0x0000000741500000, 0x0000000741600000|  0%| F|  |TS  0|AC  0|TAMS 0x0000000741500000, 0x0000000741500000|
|  22|0x0000000741600000, 0x0000000741600000, 0x0000000741700000|  0%| F|  |TS  0|AC  0|TAMS 0x0000000741600000, 0x0000000741600000|
|  23|0x0000000741700000, 0x0000000741700000, 0x0000000741800000|  0%| F|  |TS  0|AC  0|TAMS 0x0000000741700000, 0x0000000741700000|
|  24|0x0000000741800000, 0x0000000741800000, 0x0000000741900000|  0%| F|  |TS  0|AC  0|TAMS 0x0000000741800000, 0x0000000741800000|
|  25|0x0000000741900000, 0x0000000741900000, 0x0000000741a00000|  0%| F|  |TS  0|AC  0|TAMS 0x0000000741900000, 0x0000000741900000|
|  26|0x0000000741a00000, 0x0000000741a00000, 0x0000000741b00000|  0%| F|  |TS  0|AC  0|TAMS 0x0000000741a00000, 0x0000000741a00000|
|  27|0x0000000741b00000, 0x0000000741b00000, 0x0000000741c00000|  0%| F|  |TS  0|AC  0|TAMS 0x0000000741b00000, 0x0000000741b00000|
|  28|0x0000000741c00000, 0x0000000741c00000, 0x0000000741d00000|  0%| F|  |TS  0|AC  0|TAMS 0x0000000741c00000, 0x0000000741c00000|
|  29|0x0000000741d00000, 0x0000000741d00000, 0x0000000741e00000|  0%| F|  |TS  0|AC  0|TAMS 0x0000000741d00000, 0x0000000741d00000|
|  30|0x0000000741e00000, 0x0000000741e00000, 0x0000000741f00000|  0%| F|  |TS  0|AC  0|TAMS 0x0000000741e00000, 0x0000000741e00000|
|  31|0x0000000741f00000, 0x0000000741f00000, 0x0000000742000000|  0%| F|  |TS  0|AC  0|TAMS 0x0000000741f00000, 0x0000000741f00000|
|  32|0x0000000742000000, 0x0000000742000000, 0x0000000742100000|  0%| F|  |TS  0|AC  0|TAMS 0x0000000742000000, 0x0000000742000000|
|  33|0x0000000742100000, 0x0000000742100000, 0x0000000742200000|  0%| F|  |TS  0|AC  0|TAMS 0x0000000742100000, 0x0000000742100000|
|  34|0x0000000742200000, 0x0000000742200000, 0x0000000742300000|  0%| F|  |TS  0|AC  0|TAMS 0x0000000742200000, 0x0000000742200000|
|  35|0x0000000742300000, 0x0000000742300000, 0x0000000742400000|  0%| F|  |TS  0|AC  0|TAMS 0x0000000742300000, 0x0000000742300000|
|  36|0x0000000742400000, 0x0000000742400000, 0x0000000742500000|  0%| F|  |TS  0|AC  0|TAMS 0x0000000742400000, 0x0000000742400000|
|  37|0x0000000742500000, 0x0000000742500000, 0x0000000742600000|  0%| F|  |TS  0|AC  0|TAMS 0x0000000742500000, 0x0000000742500000|
|  38|0x0000000742600000, 0x0000000742600000, 0x0000000742700000|  0%| F|  |TS  0|AC  0|TAMS 0x0000000742600000, 0x0000000742600000|
|  39|0x0000000742700000, 0x0000000742700000, 0x0000000742800000|  0%| F|  |TS  0|AC  0|TAMS 0x0000000742700000, 0x0000000742700000|
|  40|0x0000000742800000, 0x0000000742800000, 0x0000000742900000|  0%| F|  |TS  0|AC  0|TAMS 0x0000000742800000, 0x0000000742800000|
|  41|0x0000000742900000, 0x0000000742900000, 0x0000000742a00000|  0%| F|  |TS  0|AC  0|TAMS 0x0000000742900000, 0x0000000742900000|
|  42|0x0000000742a00000, 0x0000000742a00000, 0x0000000742b00000|  0%| F|  |TS  0|AC  0|TAMS 0x0000000742a00000, 0x0000000742a00000|
|  43|0x0000000742b00000, 0x0000000742b00000, 0x0000000742c00000|  0%| F|  |TS  0|AC  0|TAMS 0x0000000742b00000, 0x0000000742b00000|
|  44|0x0000000742c00000, 0x0000000742c00000, 0x0000000742d00000|  0%| F|  |TS  0|AC  0|TAMS 0x0000000742c00000, 0x0000000742c00000|
|  45|0x0000000742d00000, 0x0000000742d00000, 0x0000000742e00000|  0%| F|  |TS  0|AC  0|TAMS 0x0000000742d00000, 0x0000000742d00000|
|  46|0x0000000742e00000, 0x0000000742e00000, 0x0000000742f00000|  0%| F|  |TS  0|AC  0|TAMS 0x0000000742e00000, 0x0000000742e00000|
|  47|0x0000000742f00000, 0x0000000742f00000, 0x0000000743000000|  0%| F|  |TS  0|AC  0|TAMS 0x0000000742f00000, 0x0000000742f00000|
|  48|0x0000000743000000, 0x0000000743000000, 0x0000000743100000|  0%| F|  |TS  0|AC  0|TAMS 0x0000000743000000, 0x0000000743000000|
|  49|0x0000000743100000, 0x0000000743100000, 0x0000000743200000|  0%| F|  |TS  0|AC  0|TAMS 0x0000000743100000, 0x0000000743100000|
|  50|0x0000000743200000, 0x0000000743200000, 0x0000000743300000|  0%| F|  |TS  0|AC  0|TAMS 0x0000000743200000, 0x0000000743200000|
|  51|0x0000000743300000, 0x0000000743300000, 0x0000000743400000|  0%| F|  |TS  0|AC  0|TAMS 0x0000000743300000, 0x0000000743300000|
|  52|0x0000000743400000, 0x0000000743400000, 0x0000000743500000|  0%| F|  |TS  0|AC  0|TAMS 0x0000000743400000, 0x0000000743400000|
|  53|0x0000000743500000, 0x0000000743500000, 0x0000000743600000|  0%| F|  |TS  0|AC  0|TAMS 0x0000000743500000, 0x0000000743500000|
|  54|0x0000000743600000, 0x0000000743600000, 0x0000000743700000|  0%| F|  |TS  0|AC  0|TAMS 0x0000000743600000, 0x0000000743600000|
|  55|0x0000000743700000, 0x0000000743700000, 0x0000000743800000|  0%| F|  |TS  0|AC  0|TAMS 0x0000000743700000, 0x0000000743700000|
|  56|0x0000000743800000, 0x0000000743800000, 0x0000000743900000|  0%| F|  |TS  0|AC  0|TAMS 0x0000000743800000, 0x0000000743800000|
|  57|0x0000000743900000, 0x0000000743900000, 0x0000000743a00000|  0%| F|  |TS  0|AC  0|TAMS 0x0000000743900000, 0x0000000743900000|
|  58|0x0000000743a00000, 0x0000000743a00000, 0x0000000743b00000|  0%| F|  |TS  0|AC  0|TAMS 0x0000000743a00000, 0x0000000743a00000|
|  59|0x0000000743b00000, 0x0000000743b00000, 0x0000000743c00000|  0%| F|  |TS  0|AC  0|TAMS 0x0000000743b00000, 0x0000000743b00000|
|  60|0x0000000743c00000, 0x0000000743c00000, 0x0000000743d00000|  0%| F|  |TS  0|AC  0|TAMS 0x0000000743c00000, 0x0000000743c00000|
|  61|0x0000000743d00000, 0x0000000743d00000, 0x0000000743e00000|  0%| F|  |TS  0|AC  0|TAMS 0x0000000743d00000, 0x0000000743d00000|
|  62|0x0000000743e00000, 0x0000000743e00000, 0x0000000743f00000|  0%| F|  |TS  0|AC  0|TAMS 0x0000000743e00000, 0x0000000743e00000|
|  63|0x0000000743f00000, 0x0000000743f00000, 0x0000000744000000|  0%| F|  |TS  0|AC  0|TAMS 0x0000000743f00000, 0x0000000743f00000|
|  64|0x0000000744000000, 0x0000000744000000, 0x0000000744100000|  0%| F|  |TS  0|AC  0|TAMS 0x0000000744000000, 0x0000000744000000|
|  65|0x0000000744100000, 0x0000000744100000, 0x0000000744200000|  0%| F|  |TS  0|AC  0|TAMS 0x0000000744100000, 0x0000000744100000|
|  66|0x0000000744200000, 0x0000000744200000, 0x0000000744300000|  0%| F|  |TS  0|AC  0|TAMS 0x0000000744200000, 0x0000000744200000|
|  67|0x0000000744300000, 0x0000000744300000, 0x0000000744400000|  0%| F|  |TS  0|AC  0|TAMS 0x0000000744300000, 0x0000000744300000|
|  68|0x0000000744400000, 0x0000000744400000, 0x0000000744500000|  0%| F|  |TS  0|AC  0|TAMS 0x0000000744400000, 0x0000000744400000|
|  69|0x0000000744500000, 0x0000000744500000, 0x0000000744600000|  0%| F|  |TS  0|AC  0|TAMS 0x0000000744500000, 0x0000000744500000|
|  70|0x0000000744600000, 0x0000000744600000, 0x0000000744700000|  0%| F|  |TS  0|AC  0|TAMS 0x0000000744600000, 0x0000000744600000|
|  71|0x0000000744700000, 0x0000000744700000, 0x0000000744800000|  0%| F|  |TS  0|AC  0|TAMS 0x0000000744700000, 0x0000000744700000|
|  72|0x0000000744800000, 0x0000000744800000, 0x0000000744900000|  0%| F|  |TS  0|AC  0|TAMS 0x0000000744800000, 0x0000000744800000|
|  73|0x0000000744900000, 0x0000000744900000, 0x0000000744a00000|  0%| F|  |TS  0|AC  0|TAMS 0x0000000744900000, 0x0000000744900000|
|  74|0x0000000744a00000, 0x0000000744a00000, 0x0000000744b00000|  0%| F|  |TS  0|AC  0|TAMS 0x0000000744a00000, 0x0000000744a00000|
|  75|0x0000000744b00000, 0x0000000744b00000, 0x0000000744c00000|  0%| F|  |TS  0|AC  0|TAMS 0x0000000744b00000, 0x0000000744b00000|
|  76|0x0000000744c00000, 0x0000000744c00000, 0x0000000744d00000|  0%| F|  |TS  0|AC  0|TAMS 0x0000000744c00000, 0x0000000744c00000|
|  77|0x0000000744d00000, 0x0000000744d00000, 0x0000000744e00000|  0%| F|  |TS  0|AC  0|TAMS 0x0000000744d00000, 0x0000000744d00000|
|  78|0x0000000744e00000, 0x0000000744e00000, 0x0000000744f00000|  0%| F|  |TS  0|AC  0|TAMS 0x0000000744e00000, 0x0000000744e00000|
|  79|0x0000000744f00000, 0x0000000744f00000, 0x0000000745000000|  0%| F|  |TS  0|AC  0|TAMS 0x0000000744f00000, 0x0000000744f00000|
|  80|0x0000000745000000, 0x0000000745000000, 0x0000000745100000|  0%| F|  |TS  0|AC  0|TAMS 0x0000000745000000, 0x0000000745000000|
|  81|0x0000000745100000, 0x0000000745100000, 0x0000000745200000|  0%| F|  |TS  0|AC  0|TAMS 0x0000000745100000, 0x0000000745100000|
|  82|0x0000000745200000, 0x0000000745200000, 0x0000000745300000|  0%| F|  |TS  0|AC  0|TAMS 0x0000000745200000, 0x0000000745200000|
|  83|0x0000000745300000, 0x0000000745300000, 0x0000000745400000|  0%| F|  |TS  0|AC  0|TAMS 0x0000000745300000, 0x0000000745300000|
|  84|0x0000000745400000, 0x0000000745400000, 0x0000000745500000|  0%| F|  |TS  0|AC  0|TAMS 0x0000000745400000, 0x0000000745400000|
|  85|0x0000000745500000, 0x0000000745500000, 0x0000000745600000|  0%| F|  |TS  0|AC  0|TAMS 0x0000000745500000, 0x0000000745500000|
|  86|0x0000000745600000, 0x0000000745600000, 0x0000000745700000|  0%| F|  |TS  0|AC  0|TAMS 0x0000000745600000, 0x0000000745600000|
|  87|0x0000000745700000, 0x0000000745700000, 0x0000000745800000|  0%| F|  |TS  0|AC  0|TAMS 0x0000000745700000, 0x0000000745700000|
|  88|0x0000000745800000, 0x0000000745800000, 0x0000000745900000|  0%| F|  |TS  0|AC  0|TAMS 0x0000000745800000, 0x0000000745800000|
|  89|0x0000000745900000, 0x0000000745900000, 0x0000000745a00000|  0%| F|  |TS  0|AC  0|TAMS 0x0000000745900000, 0x0000000745900000|
|  90|0x0000000745a00000, 0x0000000745a00000, 0x0000000745b00000|  0%| F|  |TS  0|AC  0|TAMS 0x0000000745a00000, 0x0000000745a00000|
|  91|0x0000000745b00000, 0x0000000745b00000, 0x0000000745c00000|  0%| F|  |TS  0|AC  0|TAMS 0x0000000745b00000, 0x0000000745b00000|
|  92|0x0000000745c00000, 0x0000000745c00000, 0x0000000745d00000|  0%| F|  |TS  0|AC  0|TAMS 0x0000000745c00000, 0x0000000745c00000|
|  93|0x0000000745d00000, 0x0000000745d00000, 0x0000000745e00000|  0%| F|  |TS  0|AC  0|TAMS 0x0000000745d00000, 0x0000000745d00000|
|  94|0x0000000745e00000, 0x0000000745e00000, 0x0000000745f00000|  0%| F|  |TS  0|AC  0|TAMS 0x0000000745e00000, 0x0000000745e00000|
|  95|0x0000000745f00000, 0x0000000745f00000, 0x0000000746000000|  0%| F|  |TS  0|AC  0|TAMS 0x0000000745f00000, 0x0000000745f00000|
|  96|0x0000000746000000, 0x0000000746000000, 0x0000000746100000|  0%| F|  |TS  0|AC  0|TAMS 0x0000000746000000, 0x0000000746000000|
|  97|0x0000000746100000, 0x0000000746100000, 0x0000000746200000|  0%| F|  |TS  0|AC  0|TAMS 0x0000000746100000, 0x0000000746100000|
|  98|0x0000000746200000, 0x0000000746200000, 0x0000000746300000|  0%| F|  |TS  0|AC  0|TAMS 0x0000000746200000, 0x0000000746200000|
|  99|0x0000000746300000, 0x0000000746300000, 0x0000000746400000|  0%| F|  |TS  0|AC  0|TAMS 0x0000000746300000, 0x0000000746300000|
| 100|0x0000000746400000, 0x0000000746400000, 0x0000000746500000|  0%| F|  |TS  0|AC  0|TAMS 0x0000000746400000, 0x0000000746400000|
| 101|0x0000000746500000, 0x0000000746500000, 0x0000000746600000|  0%| F|  |TS  0|AC  0|TAMS 0x0000000746500000, 0x0000000746500000|
| 102|0x0000000746600000, 0x0000000746600000, 0x0000000746700000|  0%| F|  |TS  0|AC  0|TAMS 0x0000000746600000, 0x0000000746600000|
| 103|0x0000000746700000, 0x0000000746700000, 0x0000000746800000|  0%| F|  |TS  0|AC  0|TAMS 0x0000000746700000, 0x0000000746700000|
| 104|0x0000000746800000, 0x0000000746800000, 0x0000000746900000|  0%| F|  |TS  0|AC  0|TAMS 0x0000000746800000, 0x0000000746800000|
| 105|0x0000000746900000, 0x0000000746900000, 0x0000000746a00000|  0%| F|  |TS  0|AC  0|TAMS 0x0000000746900000, 0x0000000746900000|
| 106|0x0000000746a00000, 0x0000000746a00000, 0x0000000746b00000|  0%| F|  |TS  0|AC  0|TAMS 0x0000000746a00000, 0x0000000746a00000|
| 107|0x0000000746b00000, 0x0000000746b00000, 0x0000000746c00000|  0%| F|  |TS  0|AC  0|TAMS 0x0000000746b00000, 0x0000000746b00000|
| 108|0x0000000746c00000, 0x0000000746c00000, 0x0000000746d00000|  0%| F|  |TS  0|AC  0|TAMS 0x0000000746c00000, 0x0000000746c00000|
| 109|0x0000000746d00000, 0x0000000746d00000, 0x0000000746e00000|  0%| F|  |TS  0|AC  0|TAMS 0x0000000746d00000, 0x0000000746d00000|
| 110|0x0000000746e00000, 0x0000000746e00000, 0x0000000746f00000|  0%| F|  |TS  0|AC  0|TAMS 0x0000000746e00000, 0x0000000746e00000|
| 111|0x0000000746f00000, 0x0000000746f00000, 0x0000000747000000|  0%| F|  |TS  0|AC  0|TAMS 0x0000000746f00000, 0x0000000746f00000|
| 112|0x0000000747000000, 0x0000000747000000, 0x0000000747100000|  0%| F|  |TS  0|AC  0|TAMS 0x0000000747000000, 0x0000000747000000|
| 113|0x0000000747100000, 0x0000000747100000, 0x0000000747200000|  0%| F|  |TS  0|AC  0|TAMS 0x0000000747100000, 0x0000000747100000|
| 114|0x0000000747200000, 0x0000000747200000, 0x0000000747300000|  0%| F|  |TS  0|AC  0|TAMS 0x0000000747200000, 0x0000000747200000|
| 115|0x0000000747300000, 0x0000000747300000, 0x0000000747400000|  0%| F|  |TS  0|AC  0|TAMS 0x0000000747300000, 0x0000000747300000|
| 116|0x0000000747400000, 0x0000000747400000, 0x0000000747500000|  0%| F|  |TS  0|AC  0|TAMS 0x0000000747400000, 0x0000000747400000|
| 117|0x0000000747500000, 0x0000000747500000, 0x0000000747600000|  0%| F|  |TS  0|AC  0|TAMS 0x0000000747500000, 0x0000000747500000|
| 118|0x0000000747600000, 0x0000000747600000, 0x0000000747700000|  0%| F|  |TS  0|AC  0|TAMS 0x0000000747600000, 0x0000000747600000|
| 119|0x0000000747700000, 0x0000000747700000, 0x0000000747800000|  0%| F|  |TS  0|AC  0|TAMS 0x0000000747700000, 0x0000000747700000|
| 120|0x0000000747800000, 0x0000000747800000, 0x0000000747900000|  0%| F|  |TS  0|AC  0|TAMS 0x0000000747800000, 0x0000000747800000|
| 121|0x0000000747900000, 0x0000000747900000, 0x0000000747a00000|  0%| F|  |TS  0|AC  0|TAMS 0x0000000747900000, 0x0000000747900000|
| 122|0x0000000747a00000, 0x0000000747a00000, 0x0000000747b00000|  0%| F|  |TS  0|AC  0|TAMS 0x0000000747a00000, 0x0000000747a00000|
| 123|0x0000000747b00000, 0x0000000747b00000, 0x0000000747c00000|  0%| F|  |TS  0|AC  0|TAMS 0x0000000747b00000, 0x0000000747b00000|
| 124|0x0000000747c00000, 0x0000000747c00000, 0x0000000747d00000|  0%| F|  |TS  0|AC  0|TAMS 0x0000000747c00000, 0x0000000747c00000|
| 125|0x0000000747d00000, 0x0000000747d00000, 0x0000000747e00000|  0%| F|  |TS  0|AC  0|TAMS 0x0000000747d00000, 0x0000000747d00000|
| 126|0x0000000747e00000, 0x0000000747ed7988, 0x0000000747f00000| 84%| E|  |TS  0|AC  0|TAMS 0x0000000747e00000, 0x0000000747e00000|
| 127|0x0000000747f00000, 0x0000000748000000, 0x0000000748000000|100%| E|CS|TS  0|AC  0|TAMS 0x0000000747f00000, 0x0000000747f00000|

Card table byte_map: [0x000000010d678000,0x000000010da78000] byte_map_base: 0x0000000109c78000

Marking Bits (Prev, Next): (CMBitMap*) 0x00007fabeb049860, (CMBitMap*) 0x00007fabeb049898
 Prev Bits: [0x000000010de78000, 0x000000010fe78000)
 Next Bits: [0x000000010fe78000, 0x0000000111e78000)

Polling page: 0x000000010b54e000

CodeHeap 'non-profiled nmethods': size=120032Kb used=39Kb max_used=39Kb free=119993Kb
 bounds [0x0000000128901000, 0x0000000128b71000, 0x000000012fe39000]
CodeHeap 'profiled nmethods': size=120032Kb used=192Kb max_used=192Kb free=119839Kb
 bounds [0x00000001213c9000, 0x0000000121639000, 0x0000000128901000]
CodeHeap 'non-nmethods': size=5696Kb used=1008Kb max_used=1019Kb free=4687Kb
 bounds [0x0000000120e39000, 0x00000001210a9000, 0x00000001213c9000]
 total_blobs=519 nmethods=152 adapters=201
 compilation: enabled

Compilation events (10 events):
Event: 0.221 Thread 0x00007fabeb054800  149       3       java.lang.System::getSecurityManager (4 bytes)
Event: 0.221 Thread 0x00007fabeb054800 nmethod 149 0x00000001213f7790 code [0x00000001213f7940, 0x00000001213f7a90]
Event: 0.221 Thread 0x00007fabeb054800  150       3       java.lang.Character::toLowerCase (9 bytes)
Event: 0.221 Thread 0x00007fabeb054800 nmethod 150 0x00000001213f7b10 code [0x00000001213f7ce0, 0x00000001213f7f18]
Event: 0.221 Thread 0x00007fabeb04f800  151       4       java.lang.String::coder (15 bytes)
Event: 0.221 Thread 0x00007fabeb054800  152       3       java.lang.String::getBytes (44 bytes)
Event: 0.221 Thread 0x00007fabeb04f800 nmethod 151 0x000000012890a990 code [0x000000012890ab20, 0x000000012890ab78]
Event: 0.222 Thread 0x00007fabeb054800 nmethod 152 0x00000001213f8010 code [0x00000001213f8200, 0x00000001213f8598]
Event: 0.222 Thread 0x00007fabeb054800  153       3       java.lang.AbstractStringBuilder::append (45 bytes)
Event: 0.222 Thread 0x00007fabeb054800 nmethod 153 0x00000001213f8710 code [0x00000001213f8940, 0x00000001213f8eb8]

GC Heap History (0 events):
No events

Deoptimization events (1 events):
Event: 0.147 Thread 0x00007fabeb00d000 Uncommon trap: reason=unstable_if action=reinterpret pc=0x0000000128904af4 method=java.lang.String.hashCode()I @ 14 c2

Classes redefined (0 events):
No events

Internal exceptions (0 events):
No events

Events (10 events):
Event: 0.222 loading class java/lang/PublicMethods$MethodList
Event: 0.222 loading class java/lang/PublicMethods$MethodList done
Event: 0.222 loading class java/lang/PublicMethods$Key
Event: 0.222 loading class java/lang/PublicMethods$Key done
Event: 0.222 loading class org/apache/kafka/common/protocol/types/Schema
Event: 0.222 loading class org/apache/kafka/common/protocol/types/Schema done
Event: 0.223 loading class org/apache/kafka/common/protocol/types/Type
Event: 0.223 loading class org/apache/kafka/common/protocol/types/Type done
Event: 0.223 loading class java/lang/Class$EnclosingMethodInfo
Event: 0.223 loading class java/lang/Class$EnclosingMethodInfo done


Dynamic libraries:
0x00007fff2cf6f000 	/System/Library/Frameworks/Cocoa.framework/Versions/A/Cocoa
0x00007fff395a4000 	/System/Library/Frameworks/Security.framework/Versions/A/Security
0x00007fff2bbb2000 	/System/Library/Frameworks/ApplicationServices.framework/Versions/A/ApplicationServices
0x00007fff55448000 	/usr/lib/libz.1.dylib
0x00007fff532fb000 	/usr/lib/libSystem.B.dylib
0x00007fff2d734000 	/System/Library/Frameworks/CoreFoundation.framework/Versions/A/CoreFoundation
0x00007fff2f8ac000 	/System/Library/Frameworks/Foundation.framework/Versions/C/Foundation
0x00007fff54a35000 	/usr/lib/libobjc.A.dylib
0x00007fff2ad02000 	/System/Library/Frameworks/AppKit.framework/Versions/C/AppKit
0x00007fff2d2e7000 	/System/Library/Frameworks/CoreData.framework/Versions/A/CoreData
0x00007fff4cc45000 	/System/Library/PrivateFrameworks/RemoteViewServices.framework/Versions/A/RemoteViewServices
0x00007fff513a0000 	/System/Library/PrivateFrameworks/UIFoundation.framework/Versions/A/UIFoundation
0x00007fff41a5a000 	/System/Library/PrivateFrameworks/DFRFoundation.framework/Versions/A/DFRFoundation
0x00007fff31f19000 	/System/Library/Frameworks/Metal.framework/Versions/A/Metal
0x00007fff41bf7000 	/System/Library/PrivateFrameworks/DesktopServicesPriv.framework/Versions/A/DesktopServicesPriv
0x00007fff53f83000 	/usr/lib/libenergytrace.dylib
0x00007fff4f40c000 	/System/Library/PrivateFrameworks/SkyLight.framework/Versions/A/SkyLight
0x00007fff2dbd0000 	/System/Library/Frameworks/CoreGraphics.framework/Versions/A/CoreGraphics
0x00007fff532f6000 	/usr/lib/libScreenReader.dylib
0x00007fff29a15000 	/System/Library/Frameworks/Accelerate.framework/Versions/A/Accelerate
0x00007fff30025000 	/System/Library/Frameworks/IOSurface.framework/Versions/A/IOSurface
0x00007fff2c0fc000 	/System/Library/Frameworks/AudioToolbox.framework/Versions/A/AudioToolbox
0x00007fff2c38b000 	/System/Library/Frameworks/AudioUnit.framework/Versions/A/AudioUnit
0x00007fff41af2000 	/System/Library/PrivateFrameworks/DataDetectorsCore.framework/Versions/A/DataDetectorsCore
0x00007fff2ca62000 	/System/Library/Frameworks/Carbon.framework/Versions/A/Frameworks/HIToolbox.framework/Versions/A/HIToolbox
0x00007fff540dd000 	/usr/lib/libicucore.A.dylib
0x00007fff38b24000 	/System/Library/Frameworks/QuartzCore.framework/Versions/A/QuartzCore
0x00007fff4e6c2000 	/System/Library/PrivateFrameworks/SignpostNotification.framework/Versions/A/SignpostNotification
0x00007fff2ce48000 	/System/Library/Frameworks/Carbon.framework/Versions/A/Frameworks/SpeechRecognition.framework/Versions/A/SpeechRecognition
0x00007fff534d9000 	/usr/lib/libauto.dylib
0x00007fff55337000 	/usr/lib/libxml2.2.dylib
0x00007fff416ab000 	/System/Library/PrivateFrameworks/CoreUI.framework/Versions/A/CoreUI
0x00007fff2d1c3000 	/System/Library/Frameworks/CoreAudio.framework/Versions/A/CoreAudio
0x00007fff2f6e6000 	/System/Library/Frameworks/DiskArbitration.framework/Versions/A/DiskArbitration
0x00007fff54351000 	/usr/lib/liblangid.dylib
0x00007fff49152000 	/System/Library/PrivateFrameworks/MultitouchSupport.framework/Versions/A/MultitouchSupport
0x00007fff2ff88000 	/System/Library/Frameworks/IOKit.framework/Versions/A/IOKit
0x00007fff52f85000 	/usr/lib/libDiagnosticMessagesClient.dylib
0x00007fff2e8c4000 	/System/Library/Frameworks/CoreServices.framework/Versions/A/CoreServices
0x00007fff4ac82000 	/System/Library/PrivateFrameworks/PerformanceAnalysis.framework/Versions/A/PerformanceAnalysis
0x00007fff37cc6000 	/System/Library/Frameworks/OpenGL.framework/Versions/A/OpenGL
0x00007fff2cf7d000 	/System/Library/Frameworks/ColorSync.framework/Versions/A/ColorSync
0x00007fff2e200000 	/System/Library/Frameworks/CoreImage.framework/Versions/A/CoreImage
0x00007fff2f254000 	/System/Library/Frameworks/CoreText.framework/Versions/A/CoreText
0x00007fff30083000 	/System/Library/Frameworks/ImageIO.framework/Versions/A/ImageIO
0x00007fff3e3a9000 	/System/Library/PrivateFrameworks/Backup.framework/Versions/A/Backup
0x00007fff533a7000 	/usr/lib/libarchive.2.dylib
0x00007fff2c6ae000 	/System/Library/Frameworks/CFNetwork.framework/Versions/A/CFNetwork
0x00007fff39d35000 	/System/Library/Frameworks/SystemConfiguration.framework/Versions/A/SystemConfiguration
0x00007fff52eae000 	/usr/lib/libCRFSuite.dylib
0x00007fff535b2000 	/usr/lib/libc++.1.dylib
0x00007fff53609000 	/usr/lib/libc++abi.dylib
0x00007fff554f6000 	/usr/lib/system/libcache.dylib
0x00007fff554fb000 	/usr/lib/system/libcommonCrypto.dylib
0x00007fff55506000 	/usr/lib/system/libcompiler_rt.dylib
0x00007fff5550e000 	/usr/lib/system/libcopyfile.dylib
0x00007fff55518000 	/usr/lib/system/libcorecrypto.dylib
0x00007fff55625000 	/usr/lib/system/libdispatch.dylib
0x00007fff5565f000 	/usr/lib/system/libdyld.dylib
0x00007fff5567d000 	/usr/lib/system/libkeymgr.dylib
0x00007fff5568b000 	/usr/lib/system/liblaunch.dylib
0x00007fff5568c000 	/usr/lib/system/libmacho.dylib
0x00007fff55691000 	/usr/lib/system/libquarantine.dylib
0x00007fff55694000 	/usr/lib/system/libremovefile.dylib
0x00007fff55696000 	/usr/lib/system/libsystem_asl.dylib
0x00007fff556ae000 	/usr/lib/system/libsystem_blocks.dylib
0x00007fff556af000 	/usr/lib/system/libsystem_c.dylib
0x00007fff55739000 	/usr/lib/system/libsystem_configuration.dylib
0x00007fff5573d000 	/usr/lib/system/libsystem_coreservices.dylib
0x00007fff55741000 	/usr/lib/system/libsystem_darwin.dylib
0x00007fff55743000 	/usr/lib/system/libsystem_dnssd.dylib
0x00007fff5574a000 	/usr/lib/system/libsystem_info.dylib
0x00007fff557bb000 	/usr/lib/system/libsystem_m.dylib
0x00007fff55807000 	/usr/lib/system/libsystem_malloc.dylib
0x00007fff55827000 	/usr/lib/system/libsystem_network.dylib
0x00007fff55958000 	/usr/lib/system/libsystem_networkextension.dylib
0x00007fff55963000 	/usr/lib/system/libsystem_notify.dylib
0x00007fff55981000 	/usr/lib/system/libsystem_sandbox.dylib
0x00007fff55985000 	/usr/lib/system/libsystem_secinit.dylib
0x00007fff55794000 	/usr/lib/system/libsystem_kernel.dylib
0x00007fff5596d000 	/usr/lib/system/libsystem_platform.dylib
0x00007fff55975000 	/usr/lib/system/libsystem_pthread.dylib
0x00007fff55987000 	/usr/lib/system/libsystem_symptoms.dylib
0x00007fff5598f000 	/usr/lib/system/libsystem_trace.dylib
0x00007fff559a4000 	/usr/lib/system/libunwind.dylib
0x00007fff559aa000 	/usr/lib/system/libxpc.dylib
0x00007fff52dc1000 	/usr/lib/closure/libclosured.dylib
0x00007fff53593000 	/usr/lib/libbsm.0.dylib
0x00007fff5567e000 	/usr/lib/system/libkxld.dylib
0x00007fff531bf000 	/usr/lib/libOpenScriptingUtil.dylib
0x00007fff53902000 	/usr/lib/libcoretls.dylib
0x00007fff5391b000 	/usr/lib/libcoretls_cfhelpers.dylib
0x00007fff54e39000 	/usr/lib/libpam.2.dylib
0x00007fff54f60000 	/usr/lib/libsqlite3.dylib
0x00007fff55326000 	/usr/lib/libxar.1.dylib
0x00007fff535a4000 	/usr/lib/libbz2.1.0.dylib
0x00007fff54353000 	/usr/lib/liblzma.5.dylib
0x00007fff54834000 	/usr/lib/libnetwork.dylib
0x00007fff53390000 	/usr/lib/libapple_nghttp2.dylib
0x00007fff54e40000 	/usr/lib/libpcap.A.dylib
0x00007fff534da000 	/usr/lib/libboringssl.dylib
0x00007fff552c1000 	/usr/lib/libusrtcp.dylib
0x00007fff5338f000 	/usr/lib/libapple_crypto.dylib
0x00007fff2ec47000 	/System/Library/Frameworks/CoreServices.framework/Versions/A/Frameworks/FSEvents.framework/Versions/A/FSEvents
0x00007fff2e93a000 	/System/Library/Frameworks/CoreServices.framework/Versions/A/Frameworks/CarbonCore.framework/Versions/A/CarbonCore
0x00007fff2ee0e000 	/System/Library/Frameworks/CoreServices.framework/Versions/A/Frameworks/Metadata.framework/Versions/A/Metadata
0x00007fff2eebf000 	/System/Library/Frameworks/CoreServices.framework/Versions/A/Frameworks/OSServices.framework/Versions/A/OSServices
0x00007fff2ef20000 	/System/Library/Frameworks/CoreServices.framework/Versions/A/Frameworks/SearchKit.framework/Versions/A/SearchKit
0x00007fff2e8c5000 	/System/Library/Frameworks/CoreServices.framework/Versions/A/Frameworks/AE.framework/Versions/A/AE
0x00007fff2ec50000 	/System/Library/Frameworks/CoreServices.framework/Versions/A/Frameworks/LaunchServices.framework/Versions/A/LaunchServices
0x00007fff2ec12000 	/System/Library/Frameworks/CoreServices.framework/Versions/A/Frameworks/DictionaryServices.framework/Versions/A/DictionaryServices
0x00007fff2ef8f000 	/System/Library/Frameworks/CoreServices.framework/Versions/A/Frameworks/SharedFileList.framework/Versions/A/SharedFileList
0x00007fff3314f000 	/System/Library/Frameworks/NetFS.framework/Versions/A/NetFS
0x00007fff493e3000 	/System/Library/PrivateFrameworks/NetAuth.framework/Versions/A/NetAuth
0x00007fff52c58000 	/System/Library/PrivateFrameworks/login.framework/Versions/A/Frameworks/loginsupport.framework/Versions/A/loginsupport
0x00007fff5101d000 	/System/Library/PrivateFrameworks/TCC.framework/Versions/A/TCC
0x00007fff54434000 	/usr/lib/libmecabra.dylib
0x00007fff2bbb3000 	/System/Library/Frameworks/ApplicationServices.framework/Versions/A/Frameworks/ATS.framework/Versions/A/ATS
0x00007fff2bf61000 	/System/Library/Frameworks/ApplicationServices.framework/Versions/A/Frameworks/ColorSyncLegacy.framework/Versions/A/ColorSyncLegacy
0x00007fff2c005000 	/System/Library/Frameworks/ApplicationServices.framework/Versions/A/Frameworks/HIServices.framework/Versions/A/HIServices
0x00007fff2c058000 	/System/Library/Frameworks/ApplicationServices.framework/Versions/A/Frameworks/LangAnalysis.framework/Versions/A/LangAnalysis
0x00007fff2c067000 	/System/Library/Frameworks/ApplicationServices.framework/Versions/A/Frameworks/PrintCore.framework/Versions/A/PrintCore
0x00007fff2c0b4000 	/System/Library/Frameworks/ApplicationServices.framework/Versions/A/Frameworks/QD.framework/Versions/A/QD
0x00007fff2c0ef000 	/System/Library/Frameworks/ApplicationServices.framework/Versions/A/Frameworks/SpeechSynthesis.framework/Versions/A/SpeechSynthesis
0x00007fff2d64c000 	/System/Library/Frameworks/CoreDisplay.framework/Versions/A/CoreDisplay
0x00007fff29a2e000 	/System/Library/Frameworks/Accelerate.framework/Versions/A/Frameworks/vImage.framework/Versions/A/vImage
0x00007fff2aa0f000 	/System/Library/Frameworks/Accelerate.framework/Versions/A/Frameworks/vecLib.framework/Versions/A/vecLib
0x00007fff2a7e4000 	/System/Library/Frameworks/Accelerate.framework/Versions/A/Frameworks/vecLib.framework/Versions/A/libvDSP.dylib
0x00007fff2a31e000 	/System/Library/Frameworks/Accelerate.framework/Versions/A/Frameworks/vecLib.framework/Versions/A/libBNNS.dylib
0x00007fff2a74a000 	/System/Library/Frameworks/Accelerate.framework/Versions/A/Frameworks/vecLib.framework/Versions/A/libQuadrature.dylib
0x00007fff2a958000 	/System/Library/Frameworks/Accelerate.framework/Versions/A/Frameworks/vecLib.framework/Versions/A/libvMisc.dylib
0x00007fff2a359000 	/System/Library/Frameworks/Accelerate.framework/Versions/A/Frameworks/vecLib.framework/Versions/A/libLAPACK.dylib
0x00007fff2a17d000 	/System/Library/Frameworks/Accelerate.framework/Versions/A/Frameworks/vecLib.framework/Versions/A/libBLAS.dylib
0x00007fff2a733000 	/System/Library/Frameworks/Accelerate.framework/Versions/A/Frameworks/vecLib.framework/Versions/A/libLinearAlgebra.dylib
0x00007fff2a750000 	/System/Library/Frameworks/Accelerate.framework/Versions/A/Frameworks/vecLib.framework/Versions/A/libSparse.dylib
0x00007fff2a7d1000 	/System/Library/Frameworks/Accelerate.framework/Versions/A/Frameworks/vecLib.framework/Versions/A/libSparseBLAS.dylib
0x00007fff46234000 	/System/Library/PrivateFrameworks/GPUWrangler.framework/Versions/A/GPUWrangler
0x00007fff479c4000 	/System/Library/PrivateFrameworks/IOAccelerator.framework/Versions/A/IOAccelerator
0x00007fff479cf000 	/System/Library/PrivateFrameworks/IOPresentment.framework/Versions/A/IOPresentment
0x00007fff41a6c000 	/System/Library/PrivateFrameworks/DSExternalDisplay.framework/Versions/A/DSExternalDisplay
0x00007fff37146000 	/System/Library/Frameworks/OpenGL.framework/Versions/A/Libraries/libCoreFSCache.dylib
0x00007fff2f3a5000 	/System/Library/Frameworks/CoreVideo.framework/Versions/A/CoreVideo
0x00007fff46faf000 	/System/Library/PrivateFrameworks/GraphVisualizer.framework/Versions/A/GraphVisualizer
0x00007fff32150000 	/System/Library/Frameworks/MetalPerformanceShaders.framework/Versions/A/MetalPerformanceShaders
0x00007fff52fbd000 	/usr/lib/libFosl_dynamic.dylib
0x00007fff42b3e000 	/System/Library/PrivateFrameworks/FaceCore.framework/Versions/A/FaceCore
0x00007fff35f4d000 	/System/Library/Frameworks/OpenCL.framework/Versions/A/OpenCL
0x00007fff53640000 	/usr/lib/libcompression.dylib
0x00007fff2bcb2000 	/System/Library/Frameworks/ApplicationServices.framework/Versions/A/Frameworks/ATS.framework/Versions/A/Resources/libFontParser.dylib
0x00007fff2bdd5000 	/System/Library/Frameworks/ApplicationServices.framework/Versions/A/Frameworks/ATS.framework/Versions/A/Resources/libFontRegistry.dylib
0x00007fff302ee000 	/System/Library/Frameworks/ImageIO.framework/Versions/A/Resources/libJPEG.dylib
0x00007fff30618000 	/System/Library/Frameworks/ImageIO.framework/Versions/A/Resources/libTIFF.dylib
0x00007fff305ee000 	/System/Library/Frameworks/ImageIO.framework/Versions/A/Resources/libPng.dylib
0x00007fff30201000 	/System/Library/Frameworks/ImageIO.framework/Versions/A/Resources/libGIF.dylib
0x00007fff30206000 	/System/Library/Frameworks/ImageIO.framework/Versions/A/Resources/libJP2.dylib
0x00007fff30615000 	/System/Library/Frameworks/ImageIO.framework/Versions/A/Resources/libRadiance.dylib
0x00007fff3dad4000 	/System/Library/PrivateFrameworks/AppleJPEG.framework/Versions/A/AppleJPEG
0x00007fff31fb7000 	/System/Library/Frameworks/MetalPerformanceShaders.framework/Frameworks/MPSCore.framework/Versions/A/MPSCore
0x00007fff31fd3000 	/System/Library/Frameworks/MetalPerformanceShaders.framework/Frameworks/MPSImage.framework/Versions/A/MPSImage
0x00007fff32068000 	/System/Library/Frameworks/MetalPerformanceShaders.framework/Frameworks/MPSNeuralNetwork.framework/Versions/A/MPSNeuralNetwork
0x00007fff32043000 	/System/Library/Frameworks/MetalPerformanceShaders.framework/Frameworks/MPSMatrix.framework/Versions/A/MPSMatrix
0x00007fff48ec4000 	/System/Library/PrivateFrameworks/MetalTools.framework/Versions/A/MetalTools
0x00007fff37310000 	/System/Library/Frameworks/OpenGL.framework/Versions/A/Libraries/libGLU.dylib
0x00007fff37151000 	/System/Library/Frameworks/OpenGL.framework/Versions/A/Libraries/libGFXShared.dylib
0x00007fff3715b000 	/System/Library/Frameworks/OpenGL.framework/Versions/A/Libraries/libGL.dylib
0x00007fff37167000 	/System/Library/Frameworks/OpenGL.framework/Versions/A/Libraries/libGLImage.dylib
0x00007fff37143000 	/System/Library/Frameworks/OpenGL.framework/Versions/A/Libraries/libCVMSPluginSupport.dylib
0x00007fff3714c000 	/System/Library/Frameworks/OpenGL.framework/Versions/A/Libraries/libCoreVMClient.dylib
0x00007fff53ded000 	/usr/lib/libcups.2.dylib
0x00007fff3151f000 	/System/Library/Frameworks/Kerberos.framework/Versions/A/Kerberos
0x00007fff2fce2000 	/System/Library/Frameworks/GSS.framework/Versions/A/GSS
0x00007fff54ef3000 	/usr/lib/libresolv.9.dylib
0x00007fff53feb000 	/usr/lib/libiconv.2.dylib
0x00007fff47041000 	/System/Library/PrivateFrameworks/Heimdal.framework/Versions/A/Heimdal
0x00007fff53fba000 	/usr/lib/libheimdal-asn1.dylib
0x00007fff35fb9000 	/System/Library/Frameworks/OpenDirectory.framework/Versions/A/OpenDirectory
0x00007fff3fde6000 	/System/Library/PrivateFrameworks/CommonAuth.framework/Versions/A/CommonAuth
0x00007fff35f9c000 	/System/Library/Frameworks/OpenDirectory.framework/Versions/A/Frameworks/CFOpenDirectory.framework/Versions/A/CFOpenDirectory
0x00007fff398ce000 	/System/Library/Frameworks/SecurityFoundation.framework/Versions/A/SecurityFoundation
0x00007fff3cca0000 	/System/Library/PrivateFrameworks/APFS.framework/Versions/A/APFS
0x00007fff55322000 	/usr/lib/libutil.dylib
0x00007fff3db57000 	/System/Library/PrivateFrameworks/AppleSauce.framework/Versions/A/AppleSauce
0x00007fff481ac000 	/System/Library/PrivateFrameworks/LinguisticData.framework/Versions/A/LinguisticData
0x00007fff5436d000 	/usr/lib/libmarisa.dylib
0x00007fff48166000 	/System/Library/PrivateFrameworks/Lexicon.framework/Versions/A/Lexicon
0x00007fff52ee8000 	/usr/lib/libChineseTokenizer.dylib
0x00007fff5362f000 	/usr/lib/libcmph.dylib
0x00007fff48070000 	/System/Library/PrivateFrameworks/LanguageModeling.framework/Versions/A/LanguageModeling
0x00007fff408f2000 	/System/Library/PrivateFrameworks/CoreEmoji.framework/Versions/A/CoreEmoji
0x00007fff3998c000 	/System/Library/Frameworks/ServiceManagement.framework/Versions/A/ServiceManagement
0x00007fff3e3a1000 	/System/Library/PrivateFrameworks/BackgroundTaskManagement.framework/Versions/A/BackgroundTaskManagement
0x00007fff5541f000 	/usr/lib/libxslt.1.dylib
0x00007fff2cd72000 	/System/Library/Frameworks/Carbon.framework/Versions/A/Frameworks/Ink.framework/Versions/A/Ink
0x00007fff51232000 	/System/Library/PrivateFrameworks/TextureIO.framework/Versions/A/TextureIO
0x00007fff533d2000 	/usr/lib/libate.dylib
0x00007fff419cc000 	/System/Library/PrivateFrameworks/CrashReporterSupport.framework/Versions/A/CrashReporterSupport
0x00007fff4e584000 	/System/Library/PrivateFrameworks/Sharing.framework/Versions/A/Sharing
0x00007fff47db1000 	/System/Library/PrivateFrameworks/IconServices.framework/Versions/A/IconServices
0x00007fff3d959000 	/System/Library/PrivateFrameworks/Apple80211.framework/Versions/A/Apple80211
0x00007fff417e1000 	/System/Library/PrivateFrameworks/CoreUtils.framework/Versions/A/CoreUtils
0x00007fff2f3e0000 	/System/Library/Frameworks/CoreWLAN.framework/Versions/A/CoreWLAN
0x00007fff2fe24000 	/System/Library/Frameworks/IOBluetooth.framework/Versions/A/IOBluetooth
0x00007fff4ca50000 	/System/Library/PrivateFrameworks/ProtocolBuffer.framework/Versions/A/ProtocolBuffer
0x00007fff41967000 	/System/Library/PrivateFrameworks/CoreWiFi.framework/Versions/A/CoreWiFi
0x00007fff2d2bd000 	/System/Library/Frameworks/CoreBluetooth.framework/Versions/A/CoreBluetooth
0x00007fff41bb6000 	/System/Library/PrivateFrameworks/DebugSymbols.framework/Versions/A/DebugSymbols
0x00007fff41597000 	/System/Library/PrivateFrameworks/CoreSymbolication.framework/Versions/A/CoreSymbolication
0x00007fff50a23000 	/System/Library/PrivateFrameworks/Symbolication.framework/Versions/A/Symbolication
0x00007fff3d983000 	/System/Library/PrivateFrameworks/AppleFSCompression.framework/Versions/A/AppleFSCompression
0x00007fff4fe71000 	/System/Library/PrivateFrameworks/SpeechRecognitionCore.framework/Versions/A/SpeechRecognitionCore
0x000000010be00000 	/Library/Java/JavaVirtualMachines/jdk-10.0.1.jdk/Contents/Home/lib/server/libjvm.dylib
0x00007fff551ef000 	/usr/lib/libstdc++.6.0.9.dylib
0x000000010b50c000 	/Library/Java/JavaVirtualMachines/jdk-10.0.1.jdk/Contents/Home/lib/libverify.dylib
0x000000010b519000 	/Library/Java/JavaVirtualMachines/jdk-10.0.1.jdk/Contents/Home/lib/libjava.dylib
0x000000010b598000 	/Library/Java/JavaVirtualMachines/jdk-10.0.1.jdk/Contents/Home/lib/libzip.dylib
0x000000010b5a0000 	/Library/Java/JavaVirtualMachines/jdk-10.0.1.jdk/Contents/Home/lib/libjimage.dylib
0x0000000114bf5000 	/Library/Java/JavaVirtualMachines/jdk-10.0.1.jdk/Contents/Home/lib/libnio.dylib
0x0000000114c05000 	/Library/Java/JavaVirtualMachines/jdk-10.0.1.jdk/Contents/Home/lib/./libnet.dylib


VM Arguments:
jvm_args: -Dfile.encoding=UTF-8 
java_command: org.apache.kafka.common.protocol.ApiKeys$1
java_class_path (initial): /Users/chandni.v/Desktop/work/KafkaWorks/target/classes:/Users/chandni.v/.m2/repository/org/apache/kafka/kafka_2.11/1.1.1/kafka_2.11-1.1.1.jar:/Users/chandni.v/.m2/repository/org/apache/kafka/kafka-clients/1.1.1/kafka-clients-1.1.1.jar:/Users/chandni.v/.m2/repository/org/lz4/lz4-java/1.4.1/lz4-java-1.4.1.jar:/Users/chandni.v/.m2/repository/org/xerial/snappy/snappy-java/1.1.7.1/snappy-java-1.1.7.1.jar:/Users/chandni.v/.m2/repository/com/fasterxml/jackson/core/jackson-databind/2.9.6/jackson-databind-2.9.6.jar:/Users/chandni.v/.m2/repository/com/fasterxml/jackson/core/jackson-annotations/2.9.0/jackson-annotations-2.9.0.jar:/Users/chandni.v/.m2/repository/com/fasterxml/jackson/core/jackson-core/2.9.6/jackson-core-2.9.6.jar:/Users/chandni.v/.m2/repository/net/sf/jopt-simple/jopt-simple/5.0.4/jopt-simple-5.0.4.jar:/Users/chandni.v/.m2/repository/com/yammer/metrics/metrics-core/2.2.0/metrics-core-2.2.0.jar:/Users/chandni.v/.m2/repository/org/scala-lang/scala-library/2.11.12/scala-library-2.11.12.jar:/Users/chandni.v/.m2/repository/org/scala-lang/scala-reflect/2.11.12/scala-reflect-2.11.12.jar:/Users/chandni.v/.m2/repository/com/typesafe/scala-logging/scala-logging_2.11/3.8.0/scala-logging_2.11-3.8.0.jar:/Users/chandni.v/.m2/repository/org/slf4j/slf4j-api/1.7.25/slf4j-api-1.7.25.jar:/Users/chandni.v/.m2/repository/com/101tec/zkclient/0.10/zkclient-0.10.jar:/Users/chandni.v/.m2/repository/org/apache/zookeeper/zookeeper/3.4.10/zookeeper-3.4.10.jar
Launcher Type: SUN_STANDARD

Logging:
Log output configuration:
#0: stdout all=warning uptime,level,tags
#1: stderr all=off uptime,level,tags

Environment Variables:
PATH=/usr/bin:/bin:/usr/sbin:/sbin
SHELL=/bin/bash

Signal Handlers:
SIGSEGV: [libjvm.dylib+0x79ac14], sa_mask[0]=11111111011111110111111111111111, sa_flags=SA_ONSTACK|SA_RESTART|SA_SIGINFO
SIGBUS: [libjvm.dylib+0x79ac14], sa_mask[0]=11111111011111110111111111111111, sa_flags=SA_RESTART|SA_SIGINFO
SIGFPE: [libjvm.dylib+0x79ac14], sa_mask[0]=11111111011111110111111111111111, sa_flags=SA_RESTART|SA_SIGINFO
SIGPIPE: [libjvm.dylib+0x635960], sa_mask[0]=11111111011111110111111111111111, sa_flags=SA_RESTART|SA_SIGINFO
SIGXFSZ: [libjvm.dylib+0x635960], sa_mask[0]=11111111011111110111111111111111, sa_flags=SA_RESTART|SA_SIGINFO
SIGILL: [libjvm.dylib+0x79ac14], sa_mask[0]=11111111011111110111111111111111, sa_flags=SA_RESTART|SA_SIGINFO
SIGUSR2: [libjvm.dylib+0x6361f0], sa_mask[0]=00100000000000000000000000000000, sa_flags=SA_RESTART|SA_SIGINFO
SIGHUP: [libjvm.dylib+0x6349db], sa_mask[0]=11111111011111110111111111111111, sa_flags=SA_RESTART|SA_SIGINFO
SIGINT: [libjvm.dylib+0x6349db], sa_mask[0]=11111111011111110111111111111111, sa_flags=SA_RESTART|SA_SIGINFO
SIGTERM: [libjvm.dylib+0x6349db], sa_mask[0]=11111111011111110111111111111111, sa_flags=SA_RESTART|SA_SIGINFO
SIGQUIT: [libjvm.dylib+0x6349db], sa_mask[0]=11111111011111110111111111111111, sa_flags=SA_RESTART|SA_SIGINFO


---------------  S Y S T E M  ---------------

OS:uname:Darwin 17.6.0 Darwin Kernel Version 17.6.0: Tue May  8 15:22:16 PDT 2018; root:xnu-4570.61.1~1/RELEASE_X86_64 x86_64
rlimit: STACK 8192k, CORE 0k, NPROC 709, NOFILE 10240, AS infinity, DATA infinity, FSIZE infinity
load average:3.04 2.40 2.28

CPU:total 4 (initial active 4) (4 cores per cpu, 1 threads per core) family 6 model 42 stepping 7, cmov, cx8, fxsr, mmx, sse, sse2, sse3, ssse3, sse4.1, sse4.2, popcnt, avx, aes, clmul, tsc, tscinvbit

Memory: 4k page, physical 8388608k(214988k free)

vm_info: Java HotSpot(TM) 64-Bit Server VM (10.0.1+10) for bsd-amd64 JRE (10.0.1+10), built on Mar 27 2018 01:13:17 by "mach5one" with gcc 4.2.1 Compatible Apple LLVM 6.1.0 (clang-602.0.49)

END.
